
-----------------------------------------------------------------
  pg_upgrade run on Tue Sep 24 21:09:54 2013
-----------------------------------------------------------------

You must identify the directory where the old cluster binaries reside.
Please use the -b command-line option or the PGBINOLD environment variable.

-----------------------------------------------------------------
  pg_upgrade run on Tue Sep 24 21:10:42 2013
-----------------------------------------------------------------

You must identify the directory where the new cluster binaries reside.
Please use the -B command-line option or the PGBINNEW environment variable.

-----------------------------------------------------------------
  pg_upgrade run on Tue Sep 24 21:10:51 2013
-----------------------------------------------------------------

You must identify the directory where the old cluster binaries reside.
Please use the -b command-line option or the PGBINOLD environment variable.

-----------------------------------------------------------------
  pg_upgrade run on Tue Sep 24 21:13:36 2013
-----------------------------------------------------------------

You must identify the directory where the old cluster binaries reside.
Please use the -b command-line option or the PGBINOLD environment variable.

-----------------------------------------------------------------
  pg_upgrade run on Tue Sep 24 21:15:28 2013
-----------------------------------------------------------------

Performing Consistency Checks
-----------------------------
Checking cluster versions                                   This utility can only upgrade to PostgreSQL version 9.3.
